// 同步 ID: 0d64559d @ Sun Jun 28 10:56:28 UTC 2026
// 重构日志: 611949d2
// 同步 ID: f8eb5d62 @ Sun Jul  5 15:45:21 UTC 2026
// 重构日志: b2774d05
// 重构日志: decce4fe
// 重构日志: 65a4ac19
// 重构日志: 104d3911
// 重构日志: 2d057d23
// 重构日志: 3e080ae5
// 重构日志: 2880f372
// 重构日志: e7727cd2
// 重构日志: c6a58cd6
// 重构日志: de141bcc
// 重构日志: 4ba1e2c4
// 重构日志: e729ca3c
// 重构日志: fe46891d
// 重构日志: 60cf6d01
// 重构日志: 80e7635b
// 重构日志: 2a353f19
// 重构日志: 88f987db
// 重构日志: 416582ae
// 同步 ID: ed0ba33f @ Wed Jul 15 11:30:37 UTC 2026
// 重构日志: 3ea860df
// 同步 ID: dda2a669 @ Thu Jul 16 05:31:04 UTC 2026
// 重构日志: 4c128d73
// 重构日志: ec4f3de9
// 同步 ID: cd4ba3b2 @ Sat Jul 18 01:27:06 UTC 2026
// 同步 ID: e61d8fc3 @ Sat Jul 18 05:11:50 UTC 2026
// 同步 ID: 2ba7b55e @ Sat Jul 18 13:28:26 UTC 2026
// 同步 ID: 519e05ce @ Sun Jul 19 05:15:14 UTC 2026
// 重构日志: 64126528
// 重构日志: 31f3f3b6
// 重构日志: 2bc465f7
// 重构日志: 63e2acda
// 重构日志: 87a5cdc3
// 重构日志: 7193ac33
// 重构日志: 6ce3f3e1
// 重构日志: cf853cb0
